2025-10-15 07:17:52|   0.0|  0.0|INFORM|Current FME version: FME 2025.1.3.0 (20251001 - Build 25643 - WIN64)
2025-10-15 07:17:52|   0.0|  0.0|INFORM|System Time: 20251015111753 UTC
2025-10-15 07:17:52|   0.0|  0.0|INFORM|FME_HOME is 'C:\Program Files\FME\'
2025-10-15 07:17:52|   0.0|  0.0|INFORM|FME license: FME for October (node locked-crc)
2025-10-15 07:17:52|   0.0|  0.0|INFORM|Serial Number: 0
2025-10-15 07:17:52|   0.0|  0.0|INFORM|Machine host name is: LAPTOP-OMMDE5G1
2025-10-15 07:17:52|   0.0|  0.0|INFORM|OS Locale Name     : fr_FR
2025-10-15 07:17:52|   0.0|  0.0|INFORM|OS Locale Encoding : windows-1252
2025-10-15 07:17:52|   0.0|  0.0|INFORM|Process Encoding   : UTF-8
2025-10-15 07:17:52|   0.0|  0.0|INFORM|FME API version: '4.0 20250515'
2025-10-15 07:17:52|   0.0|  0.0|INFORM|FME Configuration: FME_BASE is 'no'
2025-10-15 07:17:52|   0.0|  0.0|INFORM|FME Configuration: FME_MF_DIR is 'C:\Users\ronal\OneDrive\Documents\FME\Workspaces/'
2025-10-15 07:17:52|   0.0|  0.0|INFORM|FME Configuration: FME_MF_NAME is 'HACKATON.fmw'
2025-10-15 07:17:52|   0.0|  0.0|INFORM|FME Configuration: FME_PRODUCT_NAME is 'FME(R) 2025.1.3.0'
2025-10-15 07:17:52|   0.0|  0.0|INFORM|Operating System: Microsoft Windows 11 64-bit  (Build 26100)
2025-10-15 07:17:52|   0.0|  0.0|INFORM|FME Platform: WIN64
2025-10-15 07:17:52|   0.0|  0.0|INFORM|System Status: 98.48 GB of disk space available in the FME temporary folder (C:\Users\ronal\AppData\Local\Temp\wbrun_1760517421223_2060\fmetmp_f)
2025-10-15 07:17:52|   0.0|  0.0|INFORM|System Status: 7.92 GB of physical memory available
2025-10-15 07:17:52|   0.0|  0.0|INFORM|System Status: 31.69 GB of virtual memory available
2025-10-15 07:17:52|   0.0|  0.0|INFORM|START - ProcessID: 27832, peak process memory usage: 63740 kB, current process memory usage: 47804 kB
2025-10-15 07:17:52|   0.0|  0.0|INFORM|FME Configuration: Command line arguments are `C:\Program Files\FME\fme.exe' `C:\Users\ronal\OneDrive\Documents\FME\Workspaces\wb-xlate-1760527072300_2060' `--FME_LAUNCH_VIEWER_APP' `WORKBENCH' `LOG_STANDARDOUT' `YES' `LOG_TIMINGS' `YES' `LogCountServerName' `53678' `LOG_STANDARDOUT' `No' `WORKBENCH_LOG_SERVER' `49722'
2025-10-15 07:17:52|   0.0|  0.0|INFORM|FME Configuration: Connection Storage: 'C:\Users\ronal\AppData\Roaming\Safe Software\FME\'
2025-10-15 07:17:53|   0.0|  0.0|INFORM|Shared folders for formats are : C:\Program Files\FME\datasources;C:\Users\ronal\OneDrive\Documents\FME\Formats
2025-10-15 07:17:53|   0.0|  0.0|INFORM|Shared folders for transformers are : C:\Users\ronal\AppData\Roaming\Safe Software\FME\Packages\25643-win64\transformers;C:\Program Files\FME\transformers
2025-10-15 07:17:53|   0.0|  0.0|INFORM|Shared folders for coordinate systems are : C:\Users\ronal\OneDrive\Documents\FME\CoordinateSystems
2025-10-15 07:17:53|   0.0|  0.0|INFORM|Shared folders for coordinate system exceptions are : C:\Users\ronal\OneDrive\Documents\FME\CoordinateSystemExceptions
2025-10-15 07:17:53|   0.0|  0.0|INFORM|Shared folders for coordinate system grid overrides are : C:\Users\ronal\OneDrive\Documents\FME\CoordinateSystemGridOverrides
2025-10-15 07:17:53|   0.0|  0.0|INFORM|Shared folders for CS-MAP transformation exceptions are : C:\Users\ronal\OneDrive\Documents\FME\CsmapTransformationExceptions
2025-10-15 07:17:53|   0.0|  0.0|INFORM|Shared folders for transformer categories are : C:\Users\ronal\OneDrive\Documents\FME\TransformerCategories
2025-10-15 07:17:53|   0.0|  0.0|INFORM|FME Configuration: No destination coordinate system set
2025-10-15 07:17:53|   0.0|  0.0|INFORM|FME Configuration: Current working folder is `C:\Users\ronal\OneDrive\Documents\FME\Workspaces'
2025-10-15 07:17:53|   0.0|  0.0|INFORM|FME Configuration: Temporary folder is `C:\Users\ronal\AppData\Local\Temp\wbrun_1760517421223_2060\fmetmp_f', set from environment variable `FME_TEMP'
2025-10-15 07:17:53|   0.0|  0.0|INFORM|FME Configuration: Cache folder is 'C:\Users\ronal\AppData\Local\Temp'
2025-10-15 07:17:53|   0.0|  0.0|INFORM|FME Configuration: FME_HOME is `C:\Program Files\FME\'
2025-10-15 07:17:53|   0.0|  0.0|INFORM|FME Configuration: Start freeing memory when the process exceeds 23.77 GB
2025-10-15 07:17:53|   0.0|  0.0|INFORM|FME Configuration: Stop freeing memory when the process is below 17.82 GB
2025-10-15 07:17:53|   0.0|  0.0|INFORM|Creating writer for format: 
2025-10-15 07:17:53|   0.0|  0.0|INFORM|Creating reader for format: 
2025-10-15 07:17:53|   0.1|  0.1|INFORM|MULTI_READER(MULTI_READER): Will fail with first member reader failure
2025-10-15 07:17:53|   0.1|  0.0|INFORM|Using Multi Reader with keyword `MULTI_READER' to read multiple datasets
2025-10-15 07:17:53|   0.1|  0.0|INFORM|Using MultiWriter with keyword `PRIMARY_DEST' to output data (ID_ATTRIBUTE is `multi_writer_id')
2025-10-15 07:17:53|   0.1|  0.0|INFORM|Writer output will be ordered by value of multi_writer_id
2025-10-15 07:17:53|   0.1|  0.0|INFORM|Emptying factory pipeline
2025-10-15 07:17:53|   0.1|  0.0|STATS |Router and Unexpected Input Remover (RoutingFactory): Tested 0 input feature(s), wrote 0 output feature(s): 0 matched merge filters, 0 were routed to output, 0 could not be routed.
2025-10-15 07:17:53|   0.1|  0.0|STATS |Unwanted Router Input Nuker (TeeFactory): Cloned 0 input feature(s) into 0 output feature(s)
2025-10-15 07:17:53|   0.1|  0.0|STATS |argiles Nice_SHAPEFILE_6 Splitter (TeeFactory): Cloned 0 input feature(s) into 0 output feature(s)
2025-10-15 07:17:53|   0.1|  0.0|STATS |Culture_SHAPEFILE_3 Splitter (TeeFactory): Cloned 0 input feature(s) into 0 output feature(s)
2025-10-15 07:17:53|   0.1|  0.0|STATS |dce_localisation_Nice_SHAPEFILE_3 Splitter (TeeFactory): Cloned 0 input feature(s) into 0 output feature(s)
2025-10-15 07:17:53|   0.1|  0.0|STATS |Foret Dense2_SHAPEFILE_3 Splitter (TeeFactory): Cloned 0 input feature(s) into 0 output feature(s)
2025-10-15 07:17:53|   0.1|  0.0|STATS |Foret Faible_SHAPEFILE_3 Splitter (TeeFactory): Cloned 0 input feature(s) into 0 output feature(s)
2025-10-15 07:17:53|   0.1|  0.0|STATS |St_Laurent_et_Nice_SHAPEFILE_4 Splitter (TeeFactory): Cloned 0 input feature(s) into 0 output feature(s)
2025-10-15 07:17:53|   0.1|  0.0|STATS |Trottoir  Commune_SHAPEFILE_4 Splitter (TeeFactory): Cloned 0 input feature(s) into 0 output feature(s)
2025-10-15 07:17:53|   0.1|  0.0|STATS |Vege_dense_SHAPEFILE_4 Splitter (TeeFactory): Cloned 0 input feature(s) into 0 output feature(s)
2025-10-15 07:17:53|   0.1|  0.0|STATS |zone_humide_SHAPEFILE_4 Splitter (TeeFactory): Cloned 0 input feature(s) into 0 output feature(s)
2025-10-15 07:17:53|   0.1|  0.0|STATS |DH_ZSC_Clip1_SHAPEFILE_8 Splitter (TeeFactory): Cloned 0 input feature(s) into 0 output feature(s)
2025-10-15 07:17:53|   0.1|  0.0|STATS |DO_ZPS_Clip1_SHAPEFILE_8 Splitter (TeeFactory): Cloned 0 input feature(s) into 0 output feature(s)
2025-10-15 07:17:53|   0.1|  0.0|STATS |N_ENP_APB_S_R93_Clip1_SHAPEFILE_8 Splitter (TeeFactory): Cloned 0 input feature(s) into 0 output feature(s)
2025-10-15 07:17:53|   0.1|  0.0|STATS |Batiment_SHAPEFILE_2 Splitter (TeeFactory): Cloned 0 input feature(s) into 0 output feature(s)
2025-10-15 07:17:53|   0.1|  0.0|STATS |Aeroport_SHAPEFILE_1 Splitter (TeeFactory): Cloned 0 input feature(s) into 0 output feature(s)
2025-10-15 07:17:53|   0.1|  0.0|STATS |ROUTE2_SHAPEFILE_7 Splitter (TeeFactory): Cloned 0 input feature(s) into 0 output feature(s)
2025-10-15 07:17:53|   0.4|  0.3|STATS |Restoring 3 feature(s) from FME feature store file `C:\Users\ronal\AppData\Local\Temp\wb-cache-shapefile_shapefile_shapefile_sh-lxnIYB\Main_N_ENP_APB_S_R93_Clip1 -1 96 -1  0  c5413f5b960ff990004cdd5587a1f486fa8826b5.ffs'
2025-10-15 07:17:53|   0.5|  0.1|STATS |Restoring 1 feature(s) from FME feature store file `C:\Users\ronal\AppData\Local\Temp\wb-cache-shapefile_shapefile_shapefile_sh-lxnIYB\Main_DO_ZPS_Clip1 -1 95 -1  0  759b790365f95d07c39c82f1edcbcd9eabc95011.ffs'
2025-10-15 07:17:53|   0.6|  0.1|STATS |Restoring 2 feature(s) from FME feature store file `C:\Users\ronal\AppData\Local\Temp\wb-cache-shapefile_shapefile_shapefile_sh-lxnIYB\Main_DH_ZSC_Clip1 -1 94 -1  0  f54cbe2aa4e9a6e7275c8b84cc792d7abde102ba.ffs'
2025-10-15 07:17:53|   0.6|  0.0|STATS |Restoring 5 feature(s) from FME feature store file `C:\Users\ronal\AppData\Local\Temp\wb-cache-shapefile_shapefile_shapefile_sh-lxnIYB\Main_AttributeKeeper -1 16 fo 0 OUTPUT  0  683645b16eacf6d8e785fd8de18f9fb0eb13e7ce.ffs'
2025-10-15 07:17:53|   0.6|  0.0|STATS |Restoring 15 feature(s) from FME feature store file `C:\Users\ronal\AppData\Local\Temp\wb-cache-shapefile_shapefile_shapefile_sh-lxnIYB\Main_AttributeKeeper_4 -1 43 fo 0 OUTPUT  0  3ac76ea019aa074e82d9f07102450b34cc57a5a9.ffs'
2025-10-15 07:17:53|   0.6|  0.0|STATS |Restoring 1 feature(s) from FME feature store file `C:\Users\ronal\AppData\Local\Temp\wb-cache-shapefile_shapefile_shapefile_sh-lxnIYB\Main_AttributeKeeper_2 -1 41 fo 0 OUTPUT  0  83b9fe36bc87e3e65551bd54a45ae575144e42b7.ffs'
2025-10-15 07:17:53|   0.6|  0.0|STATS |Restoring 219 feature(s) from FME feature store file `C:\Users\ronal\AppData\Local\Temp\wb-cache-shapefile_shapefile_shapefile_sh-lxnIYB\Main_AttributeKeeper_3 -1 42 fo 0 OUTPUT  0  d7eff81c3d28252f7cac242d004aad14d4f3e870.ffs'
2025-10-15 07:17:53|   0.6|  0.0|STATS |Restoring 24 feature(s) from FME feature store file `C:\Users\ronal\AppData\Local\Temp\wb-cache-shapefile_shapefile_shapefile_sh-lxnIYB\Main_AttributeKeeper_5 -1 44 fo 0 OUTPUT  0  768a9a65cd40629c5e08186fcaaa3678ad04fedf.ffs'
2025-10-15 07:17:53|   0.6|  0.0|STATS |Restoring 494 feature(s) from FME feature store file `C:\Users\ronal\AppData\Local\Temp\wb-cache-shapefile_shapefile_shapefile_sh-lxnIYB\Main_AttributeKeeper_6 -1 49 fo 0 OUTPUT  0  28920116bd2571dac1c4828d48c4451ee0b60185.ffs'
2025-10-15 07:17:53|   0.6|  0.0|STATS |Restoring 837 feature(s) from FME feature store file `C:\Users\ronal\AppData\Local\Temp\wb-cache-shapefile_shapefile_shapefile_sh-lxnIYB\Main_AttributeKeeper_7 -1 50 fo 0 OUTPUT  0  a0ddaa07b3999f848601aa7cf2086df99191e8d7.ffs'
2025-10-15 07:17:53|   0.6|  0.0|STATS |Restoring 2 feature(s) from FME feature store file `C:\Users\ronal\AppData\Local\Temp\wb-cache-shapefile_shapefile_shapefile_sh-lxnIYB\Main_AttributeKeeper_8 -1 51 fo 0 OUTPUT  0  1a08354987ca5146b7e193c80d4dc51daa65b265.ffs'
2025-10-15 07:17:53|   0.6|  0.0|STATS |Restoring 359 feature(s) from FME feature store file `C:\Users\ronal\AppData\Local\Temp\wb-cache-shapefile_shapefile_shapefile_sh-lxnIYB\Main_AttributeKeeper_9 -1 52 fo 0 OUTPUT  0  11f208d4b8256a465aefebd007e32435c324dd57.ffs'
2025-10-15 07:17:53|   0.6|  0.0|STATS |Restoring 1 feature(s) from FME feature store file `C:\Users\ronal\AppData\Local\Temp\wb-cache-shapefile_shapefile_shapefile_sh-lxnIYB\Main_AttributeKeeper_10 -1 53 fo 0 OUTPUT  0  2abd1d7b59c3526f0178bbd1f5af5d4f28c1e48c.ffs'
2025-10-15 07:17:53|   0.6|  0.0|STATS |Restoring 8 feature(s) from FME feature store file `C:\Users\ronal\AppData\Local\Temp\wb-cache-shapefile_shapefile_shapefile_sh-lxnIYB\Main_AttributeKeeper_11 -1 59 fo 0 OUTPUT  0  5d21a1f07742184724f20a943ac2168c609e0d9c.ffs'
2025-10-15 07:17:53|   0.6|  0.0|STATS |Restoring 5 feature(s) from FME feature store file `C:\Users\ronal\AppData\Local\Temp\wb-cache-shapefile_shapefile_shapefile_sh-lxnIYB\Main_AttributeKeeper_12 -1 82 fo 0 OUTPUT  0  0e1dbdccd5595cb0153345c3d385b1d860307df0.ffs'
2025-10-15 07:17:53|   0.7|  0.1|INFORM|AreaOnAreaOverlayer (OverlayFactory): Splitting bulk features into individual features
2025-10-15 07:17:53|   0.7|  0.0|WARN  |AreaOnAreaOverlayer (OverlayFactory): Coordinate system `_LL-WGS84_0' does not match expected coordinate system `_Lambert93_0'. Consider reprojecting input features to the same coordinate system
2025-10-15 07:17:53|   0.8|  0.1|INFORM|AreaOnAreaOverlayer (OverlayFactory): Splitting bulk features into individual features
2025-10-15 07:17:54|   1.1|  0.3|INFORM|AreaOnAreaOverlayer (OverlayFactory): Overlaying with an automatic tolerance of 1.2609858259999989e-8
2025-10-15 07:18:03|  10.0|  8.9|INFORM|Creating writer for format: Esri Shapefile
2025-10-15 07:18:03|  10.0|  0.0|INFORM|Trying to find a DYNAMIC plugin for writer named `SHAPEFILE'
2025-10-15 07:18:03|  10.0|  0.0|INFORM|FME Configuration: No destination coordinate system set
2025-10-15 07:18:03|  10.0|  0.0|INFORM|Writer `SHAPEFILE_5' of type `SHAPEFILE' using group definition keyword `SHAPEFILE_5_DEF'
2025-10-15 07:18:03|  10.2|  0.2|INFORM|SHAPEFILE Writer: Writing files using character encoding 'utf-8'
2025-10-15 07:18:03|  10.2|  0.0|INFORM|Shapefile Writer: Feature Type 'd_y_n_point' set to geometry type 'shapefile_point'
2025-10-15 07:18:03|  10.2|  0.0|INFORM|Shapefile Writer: Feature Type 'd_y_n_no_geo' set to geometry type 'shapefile_first_feature'
2025-10-15 07:18:03|  10.2|  0.0|INFORM|Shapefile Writer: Feature Type 'd_y_n_line' set to geometry type 'shapefile_line'
2025-10-15 07:18:03|  10.2|  0.0|INFORM|Shapefile Writer: Feature Type 'd_y_n_polygo' set to geometry type 'shapefile_polygon'
2025-10-15 07:18:03|  10.2|  0.0|INFORM|Shapefile Writer: Feature Type 'd_y_n_text' set to geometry type 'shapefile_point'
2025-10-15 07:18:03|  10.2|  0.0|INFORM|Shapefile Writer: Feature Type 'd_y_n_surfac' set to geometry type 'shapefile_multipatch'
2025-10-15 07:18:03|  10.2|  0.0|INFORM|Shapefile Writer: Automatically detected 'polygon_2D' Shape type for feature type 'HackatonFINAL'
2025-10-15 07:18:03|  10.2|  0.0|INFORM|Shapefile Writer: Detected coordinate system '_Lambert93_0' on feature type 'HackatonFINAL'
2025-10-15 07:18:03|  10.2|  0.0|WARN  |Shapefile Writer: Feature type 'HackatonFINAL' received a geometry that was modified to fit the selected dimensions of the output: Z coordinates have been stripped from the geometry. If this is unexpected, check the settings of the writer
2025-10-15 07:18:13|  19.7|  9.5|WARN  |AreaOnAreaOverlayer (OverlayFactory): Output 359 features which had incorrect geometry for the given input port
2025-10-15 07:18:13|  19.7|  0.0|STATS |AreaOnAreaOverlayer (OverlayFactory): Input Summary:  67245 area(s), 0 point(s), and 0 line(s)
2025-10-15 07:18:13|  19.7|  0.0|STATS |AreaOnAreaOverlayer (OverlayFactory): Output Summary: 86524 area(s), 0 point(s), and 0 line(s)
2025-10-15 07:18:13|  19.7|  0.0|STATS |Junction (TeeFactory): Cloned 359 input feature(s) into 359 output feature(s)
2025-10-15 07:18:14|  20.3|  0.6|STATS |Destination Feature Type Routing Correlator (RoutingFactory): Tested 86524 input feature(s), wrote 86524 output feature(s): 0 matched merge filters, 86524 were routed to output, 0 could not be routed.
2025-10-15 07:18:14|  20.3|  0.0|STATS |Final Output Nuker (TeeFactory): Cloned 0 input feature(s) into 0 output feature(s)
2025-10-15 07:18:14|  20.3|  0.0|INFORM|=-=-=-=-=-=-=-=-=-=-=-=-=-=-=-=-=-=-=-=-=-=-=-=-=-=-=-=-=-=-=-=-=-=-=-=-=-=-=-
2025-10-15 07:18:14|  20.3|  0.0|INFORM|Feature output statistics for `SHAPEFILE' writer using keyword `SHAPEFILE_5':
2025-10-15 07:18:14|  20.3|  0.0|STATS |=-=-=-=-=-=-=-=-=-=-=-=-=-=-=-=-=-=-=-=-=-=-=-=-=-=-=-=-=-=-=-=-=-=-=-=-=-=-=-
2025-10-15 07:18:14|  20.3|  0.0|STATS |                           Features Written Summary
2025-10-15 07:18:14|  20.3|  0.0|STATS |=-=-=-=-=-=-=-=-=-=-=-=-=-=-=-=-=-=-=-=-=-=-=-=-=-=-=-=-=-=-=-=-=-=-=-=-=-=-=-
2025-10-15 07:18:14|  20.3|  0.0|STATS |HackatonFINAL                                                            86524
2025-10-15 07:18:14|  20.3|  0.0|STATS |==============================================================================
2025-10-15 07:18:14|  20.3|  0.0|STATS |Total Features Written                                                   86524
2025-10-15 07:18:14|  20.3|  0.0|STATS |=-=-=-=-=-=-=-=-=-=-=-=-=-=-=-=-=-=-=-=-=-=-=-=-=-=-=-=-=-=-=-=-=-=-=-=-=-=-=-
2025-10-15 07:18:14|  20.3|  0.0|STATS |=-=-=-=-=-=-=-=-=-=-=-=-=-=-=-=-=-=-=-=-=-=-=-=-=-=-=-=-=-=-=-=-=-=-=-=-=-=-=-
2025-10-15 07:18:14|  20.3|  0.0|STATS |                            Features Read Summary
2025-10-15 07:18:14|  20.3|  0.0|STATS |=-=-=-=-=-=-=-=-=-=-=-=-=-=-=-=-=-=-=-=-=-=-=-=-=-=-=-=-=-=-=-=-=-=-=-=-=-=-=-
2025-10-15 07:18:14|  20.3|  0.0|STATS |==============================================================================
2025-10-15 07:18:14|  20.3|  0.0|STATS |Total Features Read                                                          0
2025-10-15 07:18:14|  20.3|  0.0|STATS |=-=-=-=-=-=-=-=-=-=-=-=-=-=-=-=-=-=-=-=-=-=-=-=-=-=-=-=-=-=-=-=-=-=-=-=-=-=-=-
2025-10-15 07:18:14|  20.3|  0.0|STATS |=-=-=-=-=-=-=-=-=-=-=-=-=-=-=-=-=-=-=-=-=-=-=-=-=-=-=-=-=-=-=-=-=-=-=-=-=-=-=-
2025-10-15 07:18:14|  20.3|  0.0|STATS |                           Features Written Summary
2025-10-15 07:18:14|  20.3|  0.0|STATS |=-=-=-=-=-=-=-=-=-=-=-=-=-=-=-=-=-=-=-=-=-=-=-=-=-=-=-=-=-=-=-=-=-=-=-=-=-=-=-
2025-10-15 07:18:14|  20.3|  0.0|STATS |HackatonFINAL                                                            86524
2025-10-15 07:18:14|  20.3|  0.0|STATS |==============================================================================
2025-10-15 07:18:14|  20.3|  0.0|STATS |Total Features Written                                                   86524
2025-10-15 07:18:14|  20.3|  0.0|STATS |=-=-=-=-=-=-=-=-=-=-=-=-=-=-=-=-=-=-=-=-=-=-=-=-=-=-=-=-=-=-=-=-=-=-=-=-=-=-=-
2025-10-15 07:18:14|  20.3|  0.0|WARN  |-~-~-~-~-~-~-~-~-~-~-~-~-~-~-~-~-~-~-~-~-~-~-~-~-~-~-~-~-~-~-~-~-~-~-~-~-~-~-~-~-
2025-10-15 07:18:14|  20.3|  0.0|WARN  |-~                                                                             ~-
2025-10-15 07:18:14|  20.3|  0.0|WARN  |-~      Data caches have been recorded at every stage of the translation.      ~-
2025-10-15 07:18:14|  20.3|  0.0|WARN  |-~                      To inspect the recorded features,                      ~-
2025-10-15 07:18:14|  20.3|  0.0|WARN  |-~                click the data cache icons next to the ports.                ~-
2025-10-15 07:18:14|  20.3|  0.0|WARN  |-~                                                                             ~-
2025-10-15 07:18:14|  20.3|  0.0|WARN  |-~-~-~-~-~-~-~-~-~-~-~-~-~-~-~-~-~-~-~-~-~-~-~-~-~-~-~-~-~-~-~-~-~-~-~-~-~-~-~-~-
2025-10-15 07:18:14|  20.3|  0.0|INFORM|Translation was SUCCESSFUL with 10 warning(s) (86524 feature(s) output)
2025-10-15 07:18:14|  20.3|  0.0|INFORM|FME Session Duration: 21.6 seconds. (CPU: 18.6s user, 1.7s system)
2025-10-15 07:18:14|  20.3|  0.0|INFORM|END - ProcessID: 27832, peak process memory usage: 714564 kB, current process memory usage: 115516 kB
