2025-10-15 04:54:38|   0.0|  0.0|INFORM|Current FME version: FME 2025.1.3.0 (20251001 - Build 25643 - WIN64)
2025-10-15 04:54:38|   0.0|  0.0|INFORM|System Time: 20251015085439 UTC
2025-10-15 04:54:38|   0.0|  0.0|INFORM|FME_HOME is 'C:\Program Files\FME\'
2025-10-15 04:54:38|   0.0|  0.0|INFORM|FME license: FME for October (node locked-crc)
2025-10-15 04:54:38|   0.0|  0.0|INFORM|Serial Number: 0
2025-10-15 04:54:38|   0.0|  0.0|INFORM|Machine host name is: LAPTOP-OMMDE5G1
2025-10-15 04:54:38|   0.0|  0.0|INFORM|OS Locale Name     : fr_FR
2025-10-15 04:54:38|   0.0|  0.0|INFORM|OS Locale Encoding : windows-1252
2025-10-15 04:54:38|   0.0|  0.0|INFORM|Process Encoding   : UTF-8
2025-10-15 04:54:38|   0.0|  0.0|INFORM|FME API version: '4.0 20250515'
2025-10-15 04:54:38|   0.0|  0.0|INFORM|FME Configuration: FME_BASE is 'no'
2025-10-15 04:54:38|   0.0|  0.0|INFORM|FME Configuration: FME_MF_DIR is 'C:\Users\ronal\OneDrive\Documents\FME\Workspaces/'
2025-10-15 04:54:38|   0.0|  0.0|INFORM|FME Configuration: FME_MF_NAME is 'shapefile_shapefile_shapefile_shapefile2none.fmw'
2025-10-15 04:54:38|   0.0|  0.0|INFORM|FME Configuration: FME_PRODUCT_NAME is 'FME(R) 2025.1.3.0'
2025-10-15 04:54:38|   0.0|  0.0|INFORM|Operating System: Microsoft Windows 11 64-bit  (Build 26100)
2025-10-15 04:54:38|   0.0|  0.0|INFORM|FME Platform: WIN64
2025-10-15 04:54:38|   0.0|  0.0|INFORM|System Status: 99.18 GB of disk space available in the FME temporary folder (C:\Users\ronal\AppData\Local\Temp\wbrun_1760517421223_2060\fmetmp_1)
2025-10-15 04:54:38|   0.0|  0.0|INFORM|System Status: 7.92 GB of physical memory available
2025-10-15 04:54:38|   0.0|  0.0|INFORM|System Status: 31.69 GB of virtual memory available
2025-10-15 04:54:38|   0.0|  0.0|INFORM|START - ProcessID: 23980, peak process memory usage: 63668 kB, current process memory usage: 48104 kB
2025-10-15 04:54:38|   0.0|  0.0|INFORM|FME Configuration: Command line arguments are `C:\Program Files\FME\fme.exe' `C:\Users\ronal\OneDrive\Documents\FME\Workspaces\wb-xlate-1760518478045_2060' `--FME_LAUNCH_VIEWER_APP' `WORKBENCH' `LOG_STANDARDOUT' `YES' `LOG_TIMINGS' `YES' `LogCountServerName' `53678' `LOG_STANDARDOUT' `No' `WORKBENCH_LOG_SERVER' `49722'
2025-10-15 04:54:38|   0.0|  0.0|INFORM|FME Configuration: Connection Storage: 'C:\Users\ronal\AppData\Roaming\Safe Software\FME\'
2025-10-15 04:54:38|   0.1|  0.1|INFORM|Shared folders for formats are : C:\Program Files\FME\datasources;C:\Users\ronal\OneDrive\Documents\FME\Formats
2025-10-15 04:54:38|   0.1|  0.0|INFORM|Shared folders for transformers are : C:\Users\ronal\AppData\Roaming\Safe Software\FME\Packages\25643-win64\transformers;C:\Program Files\FME\transformers
2025-10-15 04:54:38|   0.1|  0.0|INFORM|Shared folders for coordinate systems are : C:\Users\ronal\OneDrive\Documents\FME\CoordinateSystems
2025-10-15 04:54:38|   0.1|  0.0|INFORM|Shared folders for coordinate system exceptions are : C:\Users\ronal\OneDrive\Documents\FME\CoordinateSystemExceptions
2025-10-15 04:54:38|   0.1|  0.0|INFORM|Shared folders for coordinate system grid overrides are : C:\Users\ronal\OneDrive\Documents\FME\CoordinateSystemGridOverrides
2025-10-15 04:54:38|   0.1|  0.0|INFORM|Shared folders for CS-MAP transformation exceptions are : C:\Users\ronal\OneDrive\Documents\FME\CsmapTransformationExceptions
2025-10-15 04:54:38|   0.1|  0.0|INFORM|Shared folders for transformer categories are : C:\Users\ronal\OneDrive\Documents\FME\TransformerCategories
2025-10-15 04:54:38|   0.1|  0.0|INFORM|FME Configuration: No destination coordinate system set
2025-10-15 04:54:38|   0.1|  0.0|INFORM|FME Configuration: Current working folder is `C:\Users\ronal\OneDrive\Documents\FME\Workspaces'
2025-10-15 04:54:38|   0.1|  0.0|INFORM|FME Configuration: Temporary folder is `C:\Users\ronal\AppData\Local\Temp\wbrun_1760517421223_2060\fmetmp_1', set from environment variable `FME_TEMP'
2025-10-15 04:54:38|   0.1|  0.0|INFORM|FME Configuration: Cache folder is 'C:\Users\ronal\AppData\Local\Temp'
2025-10-15 04:54:38|   0.1|  0.0|INFORM|FME Configuration: FME_HOME is `C:\Program Files\FME\'
2025-10-15 04:54:38|   0.1|  0.0|INFORM|FME Configuration: Start freeing memory when the process exceeds 23.77 GB
2025-10-15 04:54:38|   0.1|  0.0|INFORM|FME Configuration: Stop freeing memory when the process is below 17.82 GB
2025-10-15 04:54:38|   0.1|  0.0|INFORM|Creating writer for format: 
2025-10-15 04:54:38|   0.1|  0.0|INFORM|Creating reader for format: 
2025-10-15 04:54:38|   0.1|  0.0|INFORM|MULTI_READER(MULTI_READER): Will fail with first member reader failure
2025-10-15 04:54:38|   0.1|  0.0|INFORM|Using Multi Reader with keyword `MULTI_READER' to read multiple datasets
2025-10-15 04:54:38|   0.1|  0.0|INFORM|Using MultiWriter with keyword `MULTI_DEST' to output data (ID_ATTRIBUTE is `multi_writer_id')
2025-10-15 04:54:38|   0.1|  0.0|INFORM|Emptying factory pipeline
2025-10-15 04:54:38|   0.1|  0.0|STATS |Router and Unexpected Input Remover (RoutingFactory): Tested 0 input feature(s), wrote 0 output feature(s): 0 matched merge filters, 0 were routed to output, 0 could not be routed.
2025-10-15 04:54:38|   0.1|  0.0|STATS |Unwanted Router Input Nuker (TeeFactory): Cloned 0 input feature(s) into 0 output feature(s)
2025-10-15 04:54:38|   0.1|  0.0|STATS |Culture_SHAPEFILE_3 Splitter (TeeFactory): Cloned 0 input feature(s) into 0 output feature(s)
2025-10-15 04:54:38|   0.1|  0.0|STATS |dce_localisation_Nice_SHAPEFILE_3 Splitter (TeeFactory): Cloned 0 input feature(s) into 0 output feature(s)
2025-10-15 04:54:38|   0.1|  0.0|STATS |Foret Dense2_SHAPEFILE_3 Splitter (TeeFactory): Cloned 0 input feature(s) into 0 output feature(s)
2025-10-15 04:54:38|   0.1|  0.0|STATS |Foret Faible_SHAPEFILE_3 Splitter (TeeFactory): Cloned 0 input feature(s) into 0 output feature(s)
2025-10-15 04:54:38|   0.1|  0.0|STATS |St_Laurent_et_Nice_SHAPEFILE_4 Splitter (TeeFactory): Cloned 0 input feature(s) into 0 output feature(s)
2025-10-15 04:54:38|   0.1|  0.0|STATS |Trottoir  Commune_SHAPEFILE_4 Splitter (TeeFactory): Cloned 0 input feature(s) into 0 output feature(s)
2025-10-15 04:54:38|   0.1|  0.0|STATS |Vege_dense_SHAPEFILE_4 Splitter (TeeFactory): Cloned 0 input feature(s) into 0 output feature(s)
2025-10-15 04:54:38|   0.1|  0.0|STATS |zone_humide_SHAPEFILE_4 Splitter (TeeFactory): Cloned 0 input feature(s) into 0 output feature(s)
2025-10-15 04:54:38|   0.1|  0.0|STATS |argiles Nice_SHAPEFILE_2 Splitter (TeeFactory): Cloned 0 input feature(s) into 0 output feature(s)
2025-10-15 04:54:38|   0.1|  0.0|STATS |Batiment_SHAPEFILE_2 Splitter (TeeFactory): Cloned 0 input feature(s) into 0 output feature(s)
2025-10-15 04:54:38|   0.1|  0.0|STATS |Aeroport_SHAPEFILE_1 Splitter (TeeFactory): Cloned 0 input feature(s) into 0 output feature(s)
2025-10-15 04:54:39|   0.5|  0.4|STATS |Restoring 5 feature(s) from FME feature store file `C:\Users\ronal\AppData\Local\Temp\wb-cache-shapefile_shapefile_shapefile_sh-lxnIYB\Main_Aeroport -1 2 -1  0  f740c0cc251197826d6af5f258b9acadcd769b4b.ffs'
2025-10-15 04:54:39|   0.6|  0.1|STATS |Destination Feature Type Routing Correlator (RoutingFactory): Tested 0 input feature(s), wrote 0 output feature(s): 0 matched merge filters, 0 were routed to output, 0 could not be routed.
2025-10-15 04:54:39|   0.6|  0.0|STATS |Final Output Nuker (TeeFactory): Cloned 0 input feature(s) into 0 output feature(s)
2025-10-15 04:54:39|   0.6|  0.0|STATS |=-=-=-=-=-=-=-=-=-=-=-=-=-=-=-=-=-=-=-=-=-=-=-=-=-=-=-=-=-=-=-=-=-=-=-=-=-=-=-
2025-10-15 04:54:39|   0.6|  0.0|STATS |                            Features Read Summary
2025-10-15 04:54:39|   0.6|  0.0|STATS |=-=-=-=-=-=-=-=-=-=-=-=-=-=-=-=-=-=-=-=-=-=-=-=-=-=-=-=-=-=-=-=-=-=-=-=-=-=-=-
2025-10-15 04:54:39|   0.6|  0.0|STATS |==============================================================================
2025-10-15 04:54:39|   0.6|  0.0|STATS |Total Features Read                                                          0
2025-10-15 04:54:39|   0.6|  0.0|STATS |=-=-=-=-=-=-=-=-=-=-=-=-=-=-=-=-=-=-=-=-=-=-=-=-=-=-=-=-=-=-=-=-=-=-=-=-=-=-=-
2025-10-15 04:54:39|   0.6|  0.0|STATS |=-=-=-=-=-=-=-=-=-=-=-=-=-=-=-=-=-=-=-=-=-=-=-=-=-=-=-=-=-=-=-=-=-=-=-=-=-=-=-
2025-10-15 04:54:39|   0.6|  0.0|STATS |                           Features Written Summary
2025-10-15 04:54:39|   0.6|  0.0|STATS |=-=-=-=-=-=-=-=-=-=-=-=-=-=-=-=-=-=-=-=-=-=-=-=-=-=-=-=-=-=-=-=-=-=-=-=-=-=-=-
2025-10-15 04:54:39|   0.6|  0.0|STATS |==============================================================================
2025-10-15 04:54:39|   0.6|  0.0|STATS |Total Features Written                                                       0
2025-10-15 04:54:39|   0.6|  0.0|STATS |=-=-=-=-=-=-=-=-=-=-=-=-=-=-=-=-=-=-=-=-=-=-=-=-=-=-=-=-=-=-=-=-=-=-=-=-=-=-=-
2025-10-15 04:54:39|   0.6|  0.0|WARN  |-~-~-~-~-~-~-~-~-~-~-~-~-~-~-~-~-~-~-~-~-~-~-~-~-~-~-~-~-~-~-~-~-~-~-~-~-~-~-~-~-
2025-10-15 04:54:39|   0.6|  0.0|WARN  |-~                                                                             ~-
2025-10-15 04:54:39|   0.6|  0.0|WARN  |-~      Data caches have been recorded at every stage of the translation.      ~-
2025-10-15 04:54:39|   0.6|  0.0|WARN  |-~                      To inspect the recorded features,                      ~-
2025-10-15 04:54:39|   0.6|  0.0|WARN  |-~                click the data cache icons next to the ports.                ~-
2025-10-15 04:54:39|   0.6|  0.0|WARN  |-~                                                                             ~-
2025-10-15 04:54:39|   0.6|  0.0|WARN  |-~-~-~-~-~-~-~-~-~-~-~-~-~-~-~-~-~-~-~-~-~-~-~-~-~-~-~-~-~-~-~-~-~-~-~-~-~-~-~-~-
2025-10-15 04:54:39|   0.6|  0.0|INFORM|Translation was SUCCESSFUL with 7 warning(s) (0 feature(s) output)
2025-10-15 04:54:39|   0.6|  0.0|INFORM|FME Session Duration: 0.7 seconds. (CPU: 0.3s user, 0.3s system)
2025-10-15 04:54:39|   0.6|  0.0|INFORM|END - ProcessID: 23980, peak process memory usage: 97480 kB, current process memory usage: 97384 kB
